2097:C 16 Jul 01:25:39.106 # Warning: no config file specified, using the default config. In order to specify a config file use redis-server /path/to/redis.conf
2097:M 16 Jul 01:25:39.110 # Warning: 32 bit instance detected but no memory limit set. Setting 3 GB maxmemory limit with 'noeviction' policy now.
                _._                                                  
           _.-``__ ''-._                                             
      _.-``    `.  `_.  ''-._           Redis 999.999.999 (ae4f5b30/0) 32 bit
  .-`` .-```.  ```\/    _.,_ ''-._                                   
 (    '      ,       .-`  | `,    )     Running in standalone mode
 |`-._`-...-` __...-.``-._|'` _.-'|     Port: 6379
 |    `-._   `._    /     _.-'    |     PID: 2097
  `-._    `-._  `-./  _.-'    _.-'                                   
 |`-._`-._    `-.__.-'    _.-'_.-'|                                  
 |    `-._`-._        _.-'_.-'    |           http://redis.io        
  `-._    `-._`-.__.-'_.-'    _.-'                                   
 |`-._`-._    `-.__.-'    _.-'_.-'|                                  
 |    `-._`-._        _.-'_.-'    |                                  
  `-._    `-._`-.__.-'_.-'    _.-'                                   
      `-._    `-.__.-'    _.-'                                       
          `-._        _.-'                                           
              `-.__.-'                                               

2097:M 16 Jul 01:25:39.113 # WARNING: The TCP backlog setting of 511 cannot be enforced because /proc/sys/net/core/somaxconn is set to the lower value of 128.
2097:M 16 Jul 01:25:39.113 # Server started, Redis version 999.999.999
2097:M 16 Jul 01:25:39.113 # WARNING overcommit_memory is set to 0! Background save may fail under low memory condition. To fix this issue add 'vm.overcommit_memory = 1' to /etc/sysctl.conf and then reboot or run the command 'sysctl vm.overcommit_memory=1' for this to take effect.
2097:M 16 Jul 01:25:39.113 * The server is now ready to accept connections on port 6379
2097:M 16 Jul 02:25:40.058 * 1 changes in 3600 seconds. Saving...
2097:M 16 Jul 02:25:40.082 * Background saving started by pid 2237
2237:C 16 Jul 02:25:40.092 * DB saved on disk
2237:C 16 Jul 02:25:40.097 * RDB: 0 MB of memory used by copy-on-write
2097:M 16 Jul 02:25:40.184 * Background saving terminated with success
2097:M 16 Jul 03:25:41.012 * 1 changes in 3600 seconds. Saving...
2097:M 16 Jul 03:25:41.015 * Background saving started by pid 2413
2413:C 16 Jul 03:25:41.024 * DB saved on disk
2413:C 16 Jul 03:25:41.026 * RDB: 0 MB of memory used by copy-on-write
2097:M 16 Jul 03:25:41.117 * Background saving terminated with success
2097:M 16 Jul 04:25:42.083 * 1 changes in 3600 seconds. Saving...
2097:M 16 Jul 04:25:42.087 * Background saving started by pid 2522
2522:C 16 Jul 04:25:42.117 * DB saved on disk
2522:C 16 Jul 04:25:42.119 * RDB: 0 MB of memory used by copy-on-write
2097:M 16 Jul 04:25:42.188 * Background saving terminated with success
2097:M 16 Jul 05:25:43.020 * 1 changes in 3600 seconds. Saving...
2097:M 16 Jul 05:25:43.093 * Background saving started by pid 2621
2621:C 16 Jul 05:25:43.183 * DB saved on disk
2621:C 16 Jul 05:25:43.184 * RDB: 0 MB of memory used by copy-on-write
2097:M 16 Jul 05:25:43.207 * Background saving terminated with success
2097:M 16 Jul 06:25:44.017 * 1 changes in 3600 seconds. Saving...
2097:M 16 Jul 06:25:44.066 * Background saving started by pid 2720
2720:C 16 Jul 06:25:44.077 * DB saved on disk
2720:C 16 Jul 06:25:44.079 * RDB: 0 MB of memory used by copy-on-write
2097:M 16 Jul 06:25:44.168 * Background saving terminated with success
2097:M 16 Jul 07:25:45.087 * 1 changes in 3600 seconds. Saving...
2097:M 16 Jul 07:25:45.090 * Background saving started by pid 2914
2914:C 16 Jul 07:25:45.119 * DB saved on disk
2914:C 16 Jul 07:25:45.121 * RDB: 0 MB of memory used by copy-on-write
2097:M 16 Jul 07:25:45.191 * Background saving terminated with success
2097:M 16 Jul 08:25:46.036 * 1 changes in 3600 seconds. Saving...
2097:M 16 Jul 08:25:46.039 * Background saving started by pid 3060
3060:C 16 Jul 08:25:46.047 * DB saved on disk
3060:C 16 Jul 08:25:46.049 * RDB: 0 MB of memory used by copy-on-write
2097:M 16 Jul 08:25:46.139 * Background saving terminated with success
2097:signal-handler (1468628812) Received SIGTERM scheduling shutdown...
2097:M 16 Jul 08:26:52.140 # User requested shutdown...
2097:M 16 Jul 08:26:52.140 * Saving the final RDB snapshot before exiting.
2097:M 16 Jul 08:26:52.161 * DB saved on disk
2097:M 16 Jul 08:26:52.161 # Redis is now ready to exit, bye bye...
